<?xml version="1.0" encoding="UTF-8"?>
<testng-results ignored="0" total="2" passed="2" failed="0" skipped="0">
  <reporter-output>
  </reporter-output>
  <suite started-at="2023-11-29T20:10:10 IST" name="Default suite" finished-at="2023-11-29T20:10:19 IST" duration-ms="9264">
    <groups>
    </groups>
    <test started-at="2023-11-29T20:10:10 IST" name="Default test" finished-at="2023-11-29T20:10:19 IST" duration-ms="9264">
      <class name="Testcases.TestRun">
        <test-method is-config="true" signature="test()[pri:0, instance:Testcases.TestRun@5974109]" started-at="2023-11-29T20:10:10 IST" name="test" finished-at="2023-11-29T20:10:16 IST" duration-ms="6212" status="PASS">
          <reporter-output>
          </reporter-output>
        </test-method> <!-- test -->
        <test-method signature="searchitem()[pri:1, instance:Testcases.TestRun@5974109]" started-at="2023-11-29T20:10:16 IST" name="searchitem" finished-at="2023-11-29T20:10:17 IST" duration-ms="829" status="PASS">
          <reporter-output>
          </reporter-output>
        </test-method> <!-- searchitem -->
        <test-method signature="searchphone()[pri:2, instance:Testcases.TestRun@5974109]" started-at="2023-11-29T20:10:17 IST" name="searchphone" finished-at="2023-11-29T20:10:19 IST" duration-ms="2135" status="PASS">
          <reporter-output>
          </reporter-output>
        </test-method> <!-- searchphone -->
      </class> <!-- Testcases.TestRun -->
    </test> <!-- Default test -->
  </suite> <!-- Default suite -->
</testng-results>
